<?xml version="1.0" encoding="UTF-8"?>
<!-- Generated by org.testng.reporters.JUnitXMLReporter -->
<testsuite ignored="0" hostname="DESKTOP-35GOPG2" failures="0" tests="6" name="Default test" time="2.393" errors="0" timestamp="2021-01-13T22:00:53 EST">
  <testcase classname="local_api_test.Post_Method_Test_03" name="post_Test_01" time="1.543"/>
  <testcase classname="local_api_test.Post_Method_Test_03" name="post_Test_01" time="0.019"/>
  <testcase classname="local_api_test.Post_Method_Test_03" name="post_Test_01" time="0.019"/>
  <testcase classname="local_api_test.Post_Method_Test_03" name="post_Test_01" time="0.025"/>
  <testcase classname="local_api_test.Post_Method_Test_03" name="post_Test_01" time="0.041"/>
  <testcase classname="local_api_test.Post_Method_Test_03" name="post_Test_01" time="0.035"/>
</testsuite> <!-- Default test -->
